<?xml version="1.0" encoding="UTF-8"?>
<testng-results ignored="0" total="1" passed="1" failed="0" skipped="0">
  <reporter-output>
    <line>
      <![CDATA[Database connected]]>
    </line>
    <line>
      <![CDATA[Browser Launching...]]>
    </line>
    <line>
      <![CDATA[Login into Vtiger]]>
    </line>
    <line>
      <![CDATA[Browser closed successfully]]>
    </line>
    <line>
      <![CDATA[Database disconnected]]>
    </line>
  </reporter-output>
  <suite started-at="2026-04-18T13:16:20 IST" name="Default suite" finished-at="2026-04-18T13:16:33 IST" duration-ms="12848">
    <groups>
    </groups>
    <test started-at="2026-04-18T13:16:20 IST" name="Default test" finished-at="2026-04-18T13:16:33 IST" duration-ms="12848">
      <class name="com.crm.Vtiger.CreateOrganization">
        <test-method is-config="true" signature="connectToDatabase()[pri:0, instance:com.crm.Vtiger.CreateOrganization@3bf7ca37]" started-at="2026-04-18T13:16:20 IST" name="connectToDatabase" finished-at="2026-04-18T13:16:20 IST" duration-ms="10" status="PASS">
          <reporter-output>
            <line>
              <![CDATA[Database connected]]>
            </line>
          </reporter-output>
        </test-method> <!-- connectToDatabase -->
        <test-method is-config="true" signature="browserLaunched()[pri:0, instance:com.crm.Vtiger.CreateOrganization@3bf7ca37]" started-at="2026-04-18T13:16:20 IST" name="browserLaunched" finished-at="2026-04-18T13:16:22 IST" duration-ms="2262" status="PASS">
          <reporter-output>
            <line>
              <![CDATA[Browser Launching...]]>
            </line>
          </reporter-output>
        </test-method> <!-- browserLaunched -->
        <test-method is-config="true" signature="loginToCMS()[pri:0, instance:com.crm.Vtiger.CreateOrganization@3bf7ca37]" started-at="2026-04-18T13:16:22 IST" name="loginToCMS" finished-at="2026-04-18T13:16:24 IST" duration-ms="2376" status="PASS">
          <reporter-output>
            <line>
              <![CDATA[Login into Vtiger]]>
            </line>
          </reporter-output>
        </test-method> <!-- loginToCMS -->
        <test-method signature="create()[pri:0, instance:com.crm.Vtiger.CreateOrganization@3bf7ca37]" started-at="2026-04-18T13:16:24 IST" name="create" finished-at="2026-04-18T13:16:32 IST" duration-ms="7293" status="PASS">
          <reporter-output>
          </reporter-output>
        </test-method> <!-- create -->
        <test-method is-config="true" signature="logoutfromVtiger()[pri:0, instance:com.crm.Vtiger.CreateOrganization@3bf7ca37]" started-at="2026-04-18T13:16:32 IST" name="logoutfromVtiger" finished-at="2026-04-18T13:16:32 IST" duration-ms="698" status="FAIL">
          <exception class="org.openqa.selenium.NoSuchElementException">
            <message>
              <![CDATA[Unable to find element with locator By.linkText: Sign Out
For documentation on this error, please visit: https://www.selenium.dev/documentation/webdriver/troubleshooting/errors#no-such-element-exception
Build info: version: '4.35.0', revision: '1c58e5028b'
System info: os.name: 'Windows 11', os.arch: 'amd64', os.version: '10.0', java.version: '21.0.9'
Driver info: driver.version: RemoteWebDriver]]>
            </message>
            <full-stacktrace>
              <![CDATA[org.openqa.selenium.NoSuchElementException: Unable to find element with locator By.linkText: Sign Out
For documentation on this error, please visit: https://www.selenium.dev/documentation/webdriver/troubleshooting/errors#no-such-element-exception
Build info: version: '4.35.0', revision: '1c58e5028b'
System info: os.name: 'Windows 11', os.arch: 'amd64', os.version: '10.0', java.version: '21.0.9'
Driver info: driver.version: RemoteWebDriver
at org.openqa.selenium.remote.ElementLocation$ElementFinder$2.findElement(ElementLocation.java:168)
at org.openqa.selenium.remote.ElementLocation.findElement(ElementLocation.java:59)
at org.openqa.selenium.remote.RemoteWebDriver.findElement(RemoteWebDriver.java:380)
at org.openqa.selenium.remote.RemoteWebDriver.findElement(RemoteWebDriver.java:374)
at org.openqa.selenium.support.pagefactory.DefaultElementLocator.findElement(DefaultElementLocator.java:68)
at org.openqa.selenium.support.pagefactory.internal.LocatingElementHandler.invoke(LocatingElementHandler.java:38)
at jdk.proxy2/jdk.proxy2.$Proxy16.click(Unknown Source)
at com.crm.Vtiger.genericLibrary.BaseClass.logoutfromVtiger(BaseClass.java:60)
at java.base/jdk.internal.reflect.DirectMethodHandleAccessor.invoke(DirectMethodHandleAccessor.java:103)
at java.base/java.lang.reflect.Method.invoke(Method.java:580)
at org.testng.internal.invokers.MethodInvocationHelper.invokeMethod(MethodInvocationHelper.java:141)
at org.testng.internal.invokers.MethodInvocationHelper.invokeMethodConsideringTimeout(MethodInvocationHelper.java:71)
at org.testng.internal.invokers.ConfigInvoker.invokeConfigurationMethod(ConfigInvoker.java:400)
at org.testng.internal.invokers.ConfigInvoker.invokeConfigurations(ConfigInvoker.java:333)
at org.testng.internal.invokers.TestInvoker.runConfigMethods(TestInvoker.java:836)
at org.testng.internal.invokers.TestInvoker.runAfterConfigurations(TestInvoker.java:805)
at org.testng.internal.invokers.TestInvoker.invokeMethod(TestInvoker.java:781)
at org.testng.internal.invokers.TestInvoker.invokeTestMethod(TestInvoker.java:230)
at org.testng.internal.invokers.MethodRunner.runInSequence(MethodRunner.java:63)
at org.testng.internal.invokers.TestInvoker$MethodInvocationAgent.invoke(TestInvoker.java:995)
at org.testng.internal.invokers.TestInvoker.invokeTestMethods(TestInvoker.java:203)
at org.testng.internal.invokers.TestMethodWorker.invokeTestMethods(TestMethodWorker.java:154)
at org.testng.internal.invokers.TestMethodWorker.run(TestMethodWorker.java:134)
at java.base/java.util.ArrayList.forEach(ArrayList.java:1596)
at org.testng.TestRunner.privateRun(TestRunner.java:741)
at org.testng.TestRunner.run(TestRunner.java:616)
at org.testng.SuiteRunner.runTest(SuiteRunner.java:421)
at org.testng.SuiteRunner.runSequentially(SuiteRunner.java:413)
at org.testng.SuiteRunner.privateRun(SuiteRunner.java:373)
at org.testng.SuiteRunner.run(SuiteRunner.java:312)
at org.testng.SuiteRunnerWorker.runSuite(SuiteRunnerWorker.java:52)
at org.testng.SuiteRunnerWorker.run(SuiteRunnerWorker.java:95)
at org.testng.TestNG.runSuitesSequentially(TestNG.java:1274)
at org.testng.TestNG.runSuitesLocally(TestNG.java:1208)
at org.testng.TestNG.runSuites(TestNG.java:1112)
at org.testng.TestNG.run(TestNG.java:1079)
at org.testng.remote.AbstractRemoteTestNG.run(AbstractRemoteTestNG.java:115)
at org.testng.remote.RemoteTestNG.initAndRun(RemoteTestNG.java:293)
at org.testng.remote.RemoteTestNG.main(RemoteTestNG.java:91)
]]>
            </full-stacktrace>
          </exception> <!-- org.openqa.selenium.NoSuchElementException -->
          <reporter-output>
          </reporter-output>
        </test-method> <!-- logoutfromVtiger -->
        <test-method is-config="true" signature="closeBrowser()[pri:0, instance:com.crm.Vtiger.CreateOrganization@3bf7ca37]" started-at="2026-04-18T13:16:32 IST" name="closeBrowser" finished-at="2026-04-18T13:16:33 IST" duration-ms="165" status="PASS">
          <reporter-output>
            <line>
              <![CDATA[Browser closed successfully]]>
            </line>
          </reporter-output>
        </test-method> <!-- closeBrowser -->
        <test-method is-config="true" signature="databaseDisconnect()[pri:0, instance:com.crm.Vtiger.CreateOrganization@3bf7ca37]" started-at="2026-04-18T13:16:33 IST" name="databaseDisconnect" finished-at="2026-04-18T13:16:33 IST" duration-ms="1" status="PASS">
          <reporter-output>
            <line>
              <![CDATA[Database disconnected]]>
            </line>
          </reporter-output>
        </test-method> <!-- databaseDisconnect -->
      </class> <!-- com.crm.Vtiger.CreateOrganization -->
    </test> <!-- Default test -->
  </suite> <!-- Default suite -->
</testng-results>
